<?xml version="1.0" encoding="UTF-8"?>
<!-- Generated by org.testng.reporters.JUnitReportReporter -->
<testsuite name="stagingQA1.QA9_Invalid_city_and_state_name" tests="1" time="15.478" ignored="0" failures="0" timestamp="14 Mar 2017 10:10:08 GMT" skipped="0" hostname="II5MACMINI-04.local" errors="0">
  <testcase name="invalid_postal_code" time="15.478" classname="stagingQA1.QA9_Invalid_city_and_state_name"/>
</testsuite> <!-- stagingQA1.QA9_Invalid_city_and_state_name -->
