<?xml version="1.0" encoding="UTF-8"?>
<!-- Generated by org.testng.reporters.JUnitReportReporter -->
<testsuite name="stagingQA1.QA13_Valid_Street_address_with_invalid_City_name_and_valid_StateProvince_name" tests="1" time="26.703" ignored="0" failures="0" timestamp="15 Mar 2017 10:18:38 GMT" skipped="0" hostname="II5MACMINI-04.local" errors="0">
  <testcase name="invalid_postal_code" time="26.703" classname="stagingQA1.QA13_Valid_Street_address_with_invalid_City_name_and_valid_StateProvince_name"/>
</testsuite> <!-- stagingQA1.QA13_Valid_Street_address_with_invalid_City_name_and_valid_StateProvince_name -->
