<?xml version="1.0" encoding="UTF-8"?>
<!-- Generated by org.testng.reporters.JUnitReportReporter -->
<testsuite name="stagingURL.TC18_No_changes_to_search_filters_based_on_the_map_movement" tests="1" time="36.597" ignored="0" failures="0" timestamp="15 Mar 2017 12:59:40 GMT" skipped="0" hostname="II5MACMINI-04.local" errors="0">
  <testcase name="no_changes_to_search_filters_based_on_the_map_movement" time="36.597" classname="stagingURL.TC18_No_changes_to_search_filters_based_on_the_map_movement"/>
</testsuite> <!-- stagingURL.TC18_No_changes_to_search_filters_based_on_the_map_movement -->
