<?xml version="1.0" encoding="UTF-8"?>
<!-- Generated by org.testng.reporters.JUnitReportReporter -->
<testsuite name="stagingUrl.TC23_Zoom_out" tests="1" time="29.996" ignored="0" failures="0" timestamp="29 Mar 2017 10:37:59 GMT" skipped="0" hostname="II5MACMINI-04.local" errors="0">
  <testcase name="zoom_out" time="29.996" classname="stagingUrl.TC23_Zoom_out"/>
</testsuite> <!-- stagingUrl.TC23_Zoom_out -->
