<?xml version="1.0" encoding="UTF-8"?>
<!-- Generated by org.testng.reporters.JUnitReportReporter -->
<testsuite name="stagingURL.TC33_Search_radius_selection" tests="1" time="45.478" ignored="0" failures="0" timestamp="20 Mar 2017 08:56:41 GMT" skipped="0" hostname="II5MACMINI-04.local" errors="0">
  <testcase name="search_radius_selection" time="45.478" classname="stagingURL.TC33_Search_radius_selection"/>
</testsuite> <!-- stagingURL.TC33_Search_radius_selection -->
