<?xml version="1.0" encoding="UTF-8"?>
<!-- Generated by org.testng.reporters.JUnitReportReporter -->
<testsuite name="stagingURL.TC30_Send_Location_details_to_email_address" tests="1" time="44.656" ignored="0" failures="0" timestamp="21 Mar 2017 11:21:15 GMT" skipped="0" hostname="II5MACMINI-04.local" errors="0">
  <testcase name="send_location_details_to_email_address" time="44.656" classname="stagingURL.TC30_Send_Location_details_to_email_address"/>
</testsuite> <!-- stagingURL.TC30_Send_Location_details_to_email_address -->
