<?xml version="1.0" encoding="UTF-8"?>
<!-- Generated by org.testng.reporters.JUnitReportReporter -->
<testsuite name="stagingUrl.TC8_valid_city_and_state_name" tests="1" time="47.503" ignored="0" failures="0" timestamp="29 Mar 2017 08:59:35 GMT" skipped="0" hostname="II5MACMINI-04.local" errors="0">
  <testcase name="valid_postal_code" time="47.503" classname="stagingUrl.TC8_valid_city_and_state_name"/>
</testsuite> <!-- stagingUrl.TC8_valid_city_and_state_name -->
