<?xml version="1.0" encoding="UTF-8"?>
<!-- Generated by org.testng.reporters.JUnitReportReporter -->
<testsuite name="stagingUrl.TC25_Result_Panel_Click_on_Bubble" tests="1" time="47.705" ignored="0" failures="0" timestamp="29 Mar 2017 10:49:30 GMT" skipped="0" hostname="II5MACMINI-04.local" errors="0">
  <testcase name="result_Panel_Click_on_Bubble" time="47.705" classname="stagingUrl.TC25_Result_Panel_Click_on_Bubble"/>
</testsuite> <!-- stagingUrl.TC25_Result_Panel_Click_on_Bubble -->
