<?xml version="1.0" encoding="UTF-8"?>
<!-- Generated by org.testng.reporters.JUnitReportReporter -->
<testsuite name="stagingURL.TC1_To_verify_page_load_on_browser" tests="1" time="14.032" ignored="0" failures="0" timestamp="21 Mar 2017 13:18:45 GMT" skipped="0" hostname="II5MACMINI-04.local" errors="0">
  <testcase name="verify_page_load_on_browser" time="14.032" classname="stagingURL.TC1_To_verify_page_load_on_browser"/>
</testsuite> <!-- stagingURL.TC1_To_verify_page_load_on_browser -->
