<?xml version="1.0" encoding="UTF-8"?>
<!-- Generated by org.testng.reporters.JUnitReportReporter -->
<testsuite name="stagingUrl.TC1_To_verify_page_load_on_browser" tests="1" time="27.361" ignored="0" failures="0" timestamp="29 Mar 2017 07:14:33 GMT" skipped="0" hostname="II5MACMINI-04.local" errors="0">
  <testcase name="verify_page_load_on_browser" time="27.361" classname="stagingUrl.TC1_To_verify_page_load_on_browser"/>
</testsuite> <!-- stagingUrl.TC1_To_verify_page_load_on_browser -->
