<?xml version="1.0" encoding="UTF-8"?>
<!-- Generated by org.testng.reporters.JUnitReportReporter -->
<testsuite name="openStreetMapLocator.demo" tests="1" time="24.922" ignored="0" failures="0" timestamp="07 Mar 2017 09:59:29 GMT" skipped="0" hostname="ii5ws1215-55.ii5.local" errors="0">
  <testcase name="test" time="24.922" classname="openStreetMapLocator.demo"/>
</testsuite> <!-- openStreetMapLocator.demo -->
