<?xml version="1.0" encoding="UTF-8"?>
<!-- Generated by org.testng.reporters.JUnitReportReporter -->
<testsuite name="stagingURL.TC23_Zoom_out" tests="1" time="29.493" ignored="0" failures="0" timestamp="21 Mar 2017 10:27:44 GMT" skipped="0" hostname="II5MACMINI-04.local" errors="0">
  <testcase name="zoom_out" time="29.493" classname="stagingURL.TC23_Zoom_out"/>
</testsuite> <!-- stagingURL.TC23_Zoom_out -->
