<?xml version="1.0" encoding="UTF-8"?>
<!-- Generated by org.testng.reporters.JUnitReportReporter -->
<testsuite name="stagingQA1.QA6_valid_postal_code" tests="1" time="27.431" ignored="0" failures="0" timestamp="15 Mar 2017 09:31:03 GMT" skipped="0" hostname="II5MACMINI-04.local" errors="0">
  <testcase name="valid_postal_code" time="27.431" classname="stagingQA1.QA6_valid_postal_code"/>
</testsuite> <!-- stagingQA1.QA6_valid_postal_code -->
