<?xml version="1.0" encoding="UTF-8"?>
<!-- Generated by org.testng.reporters.JUnitReportReporter -->
<testsuite name="stagingQA1.QA1_To_verify_page_load_on_browser" tests="1" time="15.059" ignored="0" failures="0" timestamp="14 Mar 2017 13:28:16 GMT" skipped="0" hostname="II5MACMINI-04.local" errors="0">
  <testcase name="verify_page_load_on_browser" time="15.059" classname="stagingQA1.QA1_To_verify_page_load_on_browser"/>
</testsuite> <!-- stagingQA1.QA1_To_verify_page_load_on_browser -->
