<?xml version="1.0" encoding="UTF-8"?>
<!-- Generated by org.testng.reporters.JUnitReportReporter -->
<testsuite name="stagingUrl.TC33_Search_radius_selection" tests="1" time="41.935" ignored="0" failures="0" timestamp="29 Mar 2017 12:28:38 GMT" skipped="0" hostname="II5MACMINI-04.local" errors="0">
  <testcase name="search_radius_selection" time="41.935" classname="stagingUrl.TC33_Search_radius_selection"/>
</testsuite> <!-- stagingUrl.TC33_Search_radius_selection -->
