<?xml version="1.0" encoding="UTF-8"?>
<!-- Generated by org.testng.reporters.JUnitReportReporter -->
<testsuite name="stagingURL.TC25_Result_Panel_Click_on_Bubble" tests="1" time="38.048" ignored="0" failures="0" timestamp="21 Mar 2017 10:56:57 GMT" skipped="0" hostname="II5MACMINI-04.local" errors="0">
  <testcase name="result_Panel_Click_on_Bubble" time="38.048" classname="stagingURL.TC25_Result_Panel_Click_on_Bubble"/>
</testsuite> <!-- stagingURL.TC25_Result_Panel_Click_on_Bubble -->
