<?xml version="1.0" encoding="UTF-8"?>
<!-- Generated by org.testng.reporters.JUnitReportReporter -->
<testsuite name="stagingURL.TC30_Send_Location_details_to_email_address" tests="1" time="60.148" ignored="0" failures="1" timestamp="17 Mar 2017 13:13:07 GMT" skipped="0" hostname="II5MACMINI-04.local" errors="0">
  <testcase name="send_location_details_to_email_address" time="60.148" classname="stagingURL.TC30_Send_Location_details_to_email_address">
    <failure type="java.lang.AssertionError" message="The following asserts failed:
	expected [Your results have been sent to your e-mail address.

Thanks!] but found [Your results have been sent to your e-mail address.

 Thanks!],
	expected [Your results have been sent to your e-mail address.

Thanks!] but found [Your results have been sent to your e-mail address.

 Thanks!]">
      <![CDATA[java.lang.AssertionError: The following asserts failed:
	expected [Your results have been sent to your e-mail address.

Thanks!] but found [Your results have been sent to your e-mail address.

 Thanks!],
	expected [Your results have been sent to your e-mail address.

Thanks!] but found [Your results have been sent to your e-mail address.

 Thanks!]
	at org.testng.asserts.SoftAssert.assertAll(SoftAssert.java:43)
	at stagingURL.TC30_Send_Location_details_to_email_address.send_location_details_to_email_address(TC30_Send_Location_details_to_email_address.java:117)
	at sun.reflect.NativeMethodAccessorImpl.invoke0(Native Method)
	at sun.reflect.NativeMethodAccessorImpl.invoke(NativeMethodAccessorImpl.java:62)
	at sun.reflect.DelegatingMethodAccessorImpl.invoke(DelegatingMethodAccessorImpl.java:43)
	at java.lang.reflect.Method.invoke(Method.java:498)
	at org.testng.internal.MethodInvocationHelper.invokeMethod(MethodInvocationHelper.java:104)
	at org.testng.internal.Invoker.invokeMethod(Invoker.java:645)
	at org.testng.internal.Invoker.invokeTestMethod(Invoker.java:851)
	at org.testng.internal.Invoker.invokeTestMethods(Invoker.java:1177)
	at org.testng.internal.TestMethodWorker.invokeTestMethods(TestMethodWorker.java:129)
	at org.testng.internal.TestMethodWorker.run(TestMethodWorker.java:112)
	at java.util.concurrent.ThreadPoolExecutor.runWorker(ThreadPoolExecutor.java:1142)
	at java.util.concurrent.ThreadPoolExecutor$Worker.run(ThreadPoolExecutor.java:617)
	at java.lang.Thread.run(Thread.java:745)
]]>
    </failure>
  </testcase> <!-- send_location_details_to_email_address -->
</testsuite> <!-- stagingURL.TC30_Send_Location_details_to_email_address -->
