<?xml version="1.0" encoding="UTF-8"?>
<!-- Generated by org.testng.reporters.JUnitReportReporter -->
<testsuite name="stagingQA1.QA5_Special_characters_in_the_search_textbox" tests="1" time="11.697" ignored="0" failures="0" timestamp="14 Mar 2017 08:53:16 GMT" skipped="0" hostname="II5MACMINI-04.local" errors="0">
  <testcase name="special_characters_in_the_search_textbox" time="11.697" classname="stagingQA1.QA5_Special_characters_in_the_search_textbox"/>
</testsuite> <!-- stagingQA1.QA5_Special_characters_in_the_search_textbox -->
