<?xml version="1.0" encoding="UTF-8"?>
<!-- Generated by org.testng.reporters.JUnitReportReporter -->
<testsuite name="stagingURL.TC30_Send_Location_details_to_email_address" tests="1" time="58.920" ignored="0" failures="0" timestamp="20 Mar 2017 07:11:05 GMT" skipped="0" hostname="II5MACMINI-04.local" errors="0">
  <testcase name="send_location_details_to_email_address" time="58.920" classname="stagingURL.TC30_Send_Location_details_to_email_address"/>
</testsuite> <!-- stagingURL.TC30_Send_Location_details_to_email_address -->
