<?xml version="1.0" encoding="UTF-8"?>
<!-- Generated by org.testng.reporters.JUnitReportReporter -->
<testsuite name="stagingQA1.QA8_valid_city_and_state_name" tests="1" time="11.401" ignored="0" failures="0" timestamp="14 Mar 2017 09:35:59 GMT" skipped="0" hostname="II5MACMINI-04.local" errors="0">
  <testcase name="valid_postal_code" time="11.401" classname="stagingQA1.QA8_valid_city_and_state_name"/>
</testsuite> <!-- stagingQA1.QA8_valid_city_and_state_name -->
