<?xml version="1.0" encoding="UTF-8"?>
<!-- Generated by org.testng.reporters.JUnitReportReporter -->
<testsuite name="stagingQA1.To_verify_regionalmap_presented_on_page_load" tests="1" time="8.555" ignored="0" failures="0" timestamp="10 Mar 2017 10:21:20 GMT" skipped="0" hostname="II5MACMINI-04.local" errors="0">
  <testcase name="verify_regionalmap_presented_on_page_load" time="8.555" classname="stagingQA1.To_verify_regionalmap_presented_on_page_load"/>
</testsuite> <!-- stagingQA1.To_verify_regionalmap_presented_on_page_load -->
