<?xml version="1.0" encoding="UTF-8"?>
<!-- Generated by org.testng.reporters.JUnitReportReporter -->
<testsuite name="stagingURL.TC22_Zoom_In" tests="1" time="29.788" ignored="0" failures="0" timestamp="21 Mar 2017 10:21:30 GMT" skipped="0" hostname="II5MACMINI-04.local" errors="0">
  <testcase name="zoom_In" time="29.788" classname="stagingURL.TC22_Zoom_In"/>
</testsuite> <!-- stagingURL.TC22_Zoom_In -->
