<?xml version="1.0" encoding="UTF-8"?>
<!-- Generated by org.testng.reporters.JUnitReportReporter -->
<testsuite name="stagingUrl.TC14_Moving_the_map_by_dragging" tests="1" time="40.481" ignored="0" failures="0" timestamp="29 Mar 2017 09:34:52 GMT" skipped="0" hostname="II5MACMINI-04.local" errors="0">
  <testcase name="moving_the_map_by_dragging" time="40.481" classname="stagingUrl.TC14_Moving_the_map_by_dragging"/>
</testsuite> <!-- stagingUrl.TC14_Moving_the_map_by_dragging -->
