<?xml version="1.0" encoding="UTF-8"?>
<!-- Generated by org.testng.reporters.JUnitReportReporter -->
<testsuite name="stagingQA1.QA2_To_verify_regionalmap_presented_on_page_load" tests="1" time="11.886" ignored="0" failures="0" timestamp="14 Mar 2017 13:28:16 GMT" skipped="0" hostname="II5MACMINI-04.local" errors="0">
  <testcase name="verify_regionalmap_presented_on_page_load" time="11.886" classname="stagingQA1.QA2_To_verify_regionalmap_presented_on_page_load"/>
</testsuite> <!-- stagingQA1.QA2_To_verify_regionalmap_presented_on_page_load -->
