<?xml version="1.0" encoding="UTF-8"?>
<!-- Generated by org.testng.reporters.JUnitReportReporter -->
<testsuite name="stagingURL.TC40_Header_Footer_links" tests="1" time="49.555" ignored="0" failures="0" timestamp="20 Mar 2017 13:05:13 GMT" skipped="0" hostname="II5MACMINI-04.local" errors="0">
  <testcase name="eader_Footer_links" time="49.555" classname="stagingURL.TC40_Header_Footer_links"/>
</testsuite> <!-- stagingURL.TC40_Header_Footer_links -->
