<?xml version="1.0" encoding="UTF-8"?>
<!-- Generated by org.testng.reporters.JUnitReportReporter -->
<testsuite name="stagingURL.TC26_Get_direction_button" tests="1" time="48.328" ignored="0" failures="0" timestamp="17 Mar 2017 10:03:02 GMT" skipped="0" hostname="II5MACMINI-04.local" errors="0">
  <testcase name="get_Direction_Button" time="48.328" classname="stagingURL.TC26_Get_direction_button"/>
</testsuite> <!-- stagingURL.TC26_Get_direction_button -->
