<?xml version="1.0" encoding="UTF-8"?>
<!-- Generated by org.testng.reporters.JUnitReportReporter -->
<testsuite name="stagingQA1.QA9_Invalid_city_and_state_name" tests="1" time="22.284" ignored="0" failures="0" timestamp="15 Mar 2017 09:48:55 GMT" skipped="0" hostname="II5MACMINI-04.local" errors="0">
  <testcase name="invalid_postal_code" time="22.284" classname="stagingQA1.QA9_Invalid_city_and_state_name"/>
</testsuite> <!-- stagingQA1.QA9_Invalid_city_and_state_name -->
