<?xml version="1.0" encoding="UTF-8"?>
<!-- Generated by org.testng.reporters.JUnitReportReporter -->
<testsuite name="stagingURL.TC11_Valid_StreetAddress_City_and_StateProvince_provided" tests="1" time="30.121" ignored="0" failures="0" timestamp="21 Mar 2017 09:47:42 GMT" skipped="0" hostname="II5MACMINI-04.local" errors="0">
  <testcase name="valid_cityName_invalid_state" time="30.121" classname="stagingURL.TC11_Valid_StreetAddress_City_and_StateProvince_provided"/>
</testsuite> <!-- stagingURL.TC11_Valid_StreetAddress_City_and_StateProvince_provided -->
