<?xml version="1.0" encoding="UTF-8"?>
<!-- Generated by org.testng.reporters.JUnitReportReporter -->
<testsuite name="stagingURL.TC8_valid_city_and_state_name" tests="1" time="38.368" ignored="0" failures="0" timestamp="21 Mar 2017 09:09:24 GMT" skipped="0" hostname="II5MACMINI-04.local" errors="0">
  <testcase name="valid_postal_code" time="38.368" classname="stagingURL.TC8_valid_city_and_state_name"/>
</testsuite> <!-- stagingURL.TC8_valid_city_and_state_name -->
