<?xml version="1.0" encoding="UTF-8"?>
<!-- Generated by org.testng.reporters.JUnitReportReporter -->
<testsuite name="stagingUrl.TC5_Special_characters_in_the_search_textbox" tests="1" time="29.654" ignored="0" failures="0" timestamp="29 Mar 2017 08:27:12 GMT" skipped="0" hostname="II5MACMINI-04.local" errors="0">
  <testcase name="special_characters_in_the_search_textbox" time="29.654" classname="stagingUrl.TC5_Special_characters_in_the_search_textbox"/>
</testsuite> <!-- stagingUrl.TC5_Special_characters_in_the_search_textbox -->
