<?xml version="1.0" encoding="UTF-8"?>
<!-- Generated by org.testng.reporters.JUnitReportReporter -->
<testsuite name="stagingUrl.TC4_Blank_address_search_textbox" tests="1" time="30.432" ignored="0" failures="0" timestamp="29 Mar 2017 07:44:47 GMT" skipped="0" hostname="II5MACMINI-04.local" errors="0">
  <testcase name="blank_address_search_textbox" time="30.432" classname="stagingUrl.TC4_Blank_address_search_textbox"/>
</testsuite> <!-- stagingUrl.TC4_Blank_address_search_textbox -->
