<?xml version="1.0" encoding="UTF-8"?>
<!-- Generated by org.testng.reporters.JUnitReportReporter -->
<testsuite name="stagingUrl.TC12_Invalid_Street_address_with_valid_CityName_and_valid_StateName" tests="1" time="64.674" ignored="0" failures="0" timestamp="29 Mar 2017 09:30:02 GMT" skipped="0" hostname="II5MACMINI-04.local" errors="0">
  <testcase name="invalid_Street_address_with_valid_CityName_and_valid_StateName" time="64.674" classname="stagingUrl.TC12_Invalid_Street_address_with_valid_CityName_and_valid_StateName"/>
</testsuite> <!-- stagingUrl.TC12_Invalid_Street_address_with_valid_CityName_and_valid_StateName -->
