<?xml version="1.0" encoding="UTF-8"?>
<!-- Generated by org.testng.reporters.JUnitReportReporter -->
<testsuite name="stagingUrl.TC6_valid_postal_code" tests="1" time="37.166" ignored="0" failures="0" timestamp="29 Mar 2017 08:37:09 GMT" skipped="0" hostname="II5MACMINI-04.local" errors="0">
  <testcase name="valid_postal_code" time="37.166" classname="stagingUrl.TC6_valid_postal_code"/>
</testsuite> <!-- stagingUrl.TC6_valid_postal_code -->
