<?xml version="1.0" encoding="UTF-8"?>
<!-- Generated by org.testng.reporters.JUnitReportReporter -->
<testsuite name="stagingUrl.TC40_Header_Footer_links" tests="1" time="50.613" ignored="0" failures="0" timestamp="29 Mar 2017 12:32:53 GMT" skipped="0" hostname="II5MACMINI-04.local" errors="0">
  <testcase name="eader_Footer_links" time="50.613" classname="stagingUrl.TC40_Header_Footer_links"/>
</testsuite> <!-- stagingUrl.TC40_Header_Footer_links -->
