<?xml version="1.0" encoding="UTF-8"?>
<!-- Generated by org.testng.reporters.JUnitReportReporter -->
<testsuite name="stagingQA1.Verify_page_load_on_browser" tests="1" time="10.852" ignored="0" failures="0" timestamp="09 Mar 2017 11:05:45 GMT" skipped="0" hostname="II5MACMINI-04.local" errors="0">
  <testcase name="verify_page_load_on_browser" time="10.852" classname="stagingQA1.Verify_page_load_on_browser"/>
</testsuite> <!-- stagingQA1.Verify_page_load_on_browser -->
