<?xml version="1.0" encoding="UTF-8"?>
<!-- Generated by org.testng.reporters.JUnitReportReporter -->
<testsuite name="stagingURL.TC18_No_changes_to_search_filters_based_on_the_map_movement" tests="1" time="48.639" ignored="0" failures="0" timestamp="16 Mar 2017 05:58:58 GMT" skipped="0" hostname="II5MACMINI-04.local" errors="0">
  <testcase name="no_changes_to_search_filters_based_on_the_map_movement" time="48.639" classname="stagingURL.TC18_No_changes_to_search_filters_based_on_the_map_movement"/>
</testsuite> <!-- stagingURL.TC18_No_changes_to_search_filters_based_on_the_map_movement -->
