<?xml version="1.0" encoding="UTF-8"?>
<!-- Generated by org.testng.reporters.JUnitReportReporter -->
<testsuite name="stagingURL.TC7_invalid_postal_code" tests="1" time="31.065" ignored="0" failures="0" timestamp="21 Mar 2017 08:54:40 GMT" skipped="0" hostname="II5MACMINI-04.local" errors="0">
  <testcase name="valid_postal_code" time="31.065" classname="stagingURL.TC7_invalid_postal_code"/>
</testsuite> <!-- stagingURL.TC7_invalid_postal_code -->
