<?xml version="1.0" encoding="UTF-8"?>
<!-- Generated by org.testng.reporters.JUnitReportReporter -->
<testsuite name="stagingUrl.TC10_valid_cityName_invalid_state" tests="1" time="35.164" ignored="0" failures="0" timestamp="29 Mar 2017 09:14:59 GMT" skipped="0" hostname="II5MACMINI-04.local" errors="0">
  <testcase name="valid_cityName_invalid_state" time="35.164" classname="stagingUrl.TC10_valid_cityName_invalid_state"/>
</testsuite> <!-- stagingUrl.TC10_valid_cityName_invalid_state -->
