<?xml version="1.0" encoding="UTF-8"?>
<!-- Generated by org.testng.reporters.JUnitReportReporter -->
<testsuite name="stagingUrl.TC26_Get_direction_button" tests="1" time="41.003" ignored="0" failures="0" timestamp="29 Mar 2017 11:24:48 GMT" skipped="0" hostname="II5MACMINI-04.local" errors="0">
  <testcase name="get_Direction_Button" time="41.003" classname="stagingUrl.TC26_Get_direction_button"/>
</testsuite> <!-- stagingUrl.TC26_Get_direction_button -->
