<?xml version="1.0" encoding="UTF-8"?>
<!-- Generated by org.testng.reporters.JUnitReportReporter -->
<testsuite name="stagingUrl.TC30_Send_Location_details_to_email_address" tests="1" time="83.101" ignored="0" failures="0" timestamp="29 Mar 2017 12:01:35 GMT" skipped="0" hostname="II5MACMINI-04.local" errors="0">
  <testcase name="send_location_details_to_email_address" time="83.101" classname="stagingUrl.TC30_Send_Location_details_to_email_address"/>
</testsuite> <!-- stagingUrl.TC30_Send_Location_details_to_email_address -->
