<?xml version="1.0" encoding="UTF-8"?>
<!-- Generated by org.testng.reporters.JUnitReportReporter -->
<testsuite name="qOne.QA_1" tests="1" time="12.709" ignored="0" failures="0" timestamp="07 Mar 2017 09:04:37 GMT" skipped="0" hostname="ii5ws1215-55.ii5.local" errors="0">
  <testcase name="Page_Load_GeoIP_and_cursore_Position" time="12.709" classname="qOne.QA_1"/>
</testsuite> <!-- qOne.QA_1 -->
