<?xml version="1.0" encoding="UTF-8"?>
<!-- Generated by org.testng.reporters.JUnitReportReporter -->
<testsuite name="stagingURL.TC14_Moving_the_map_by_dragging" tests="1" time="43.548" ignored="0" failures="0" timestamp="21 Mar 2017 10:13:14 GMT" skipped="0" hostname="II5MACMINI-04.local" errors="0">
  <testcase name="moving_the_map_by_dragging" time="43.548" classname="stagingURL.TC14_Moving_the_map_by_dragging"/>
</testsuite> <!-- stagingURL.TC14_Moving_the_map_by_dragging -->
