<?xml version="1.0" encoding="UTF-8"?>
<!-- Generated by org.testng.reporters.JUnitReportReporter -->
<testsuite name="stagingQA1.Verify_page_load_on_browser" tests="6" time="367.076" ignored="0" failures="0" timestamp="09 Mar 2017 12:24:53 GMT" skipped="0" hostname="II5MACMINI-04.local" errors="0">
  <testcase name="verify_page_load_on_browser" time="41.563" classname="stagingQA1.Verify_page_load_on_browser"/>
  <testcase name="verify_page_load_on_browser" time="68.691" classname="stagingQA1.Verify_page_load_on_browser"/>
  <testcase name="verify_page_load_on_browser" time="108.023" classname="stagingQA1.Verify_page_load_on_browser"/>
  <testcase name="verify_page_load_on_browser" time="44.159" classname="stagingQA1.Verify_page_load_on_browser"/>
  <testcase name="verify_page_load_on_browser" time="50.339" classname="stagingQA1.Verify_page_load_on_browser"/>
  <testcase name="verify_page_load_on_browser" time="54.301" classname="stagingQA1.Verify_page_load_on_browser"/>
</testsuite> <!-- stagingQA1.Verify_page_load_on_browser -->
