<?xml version="1.0" encoding="UTF-8"?>
<!-- Generated by org.testng.reporters.JUnitReportReporter -->
<testsuite name="stagingURL.TC26_Get_direction_button" tests="1" time="30.786" ignored="0" failures="0" timestamp="21 Mar 2017 11:03:33 GMT" skipped="0" hostname="II5MACMINI-04.local" errors="0">
  <testcase name="get_Direction_Button" time="30.786" classname="stagingURL.TC26_Get_direction_button"/>
</testsuite> <!-- stagingURL.TC26_Get_direction_button -->
