<?xml version="1.0" encoding="UTF-8"?>
<!-- Generated by org.testng.reporters.JUnitReportReporter -->
<testsuite name="openStreetMapLocator.Verify_page_load_on_browser" tests="1" time="15.205" ignored="0" failures="0" timestamp="07 Mar 2017 10:43:01 GMT" skipped="0" hostname="ii5ws1215-55.ii5.local" errors="0">
  <testcase name="verify_page_load_on_browser" time="15.205" classname="openStreetMapLocator.Verify_page_load_on_browser"/>
</testsuite> <!-- openStreetMapLocator.Verify_page_load_on_browser -->
