<?xml version="1.0" encoding="UTF-8"?>
<!-- Generated by org.testng.reporters.JUnitReportReporter -->
<testsuite name="stagingUrl.TC11_Valid_StreetAddress_City_and_StateProvince_provided" tests="1" time="65.628" ignored="0" failures="0" timestamp="29 Mar 2017 09:23:00 GMT" skipped="0" hostname="II5MACMINI-04.local" errors="0">
  <testcase name="valid_cityName_invalid_state" time="65.628" classname="stagingUrl.TC11_Valid_StreetAddress_City_and_StateProvince_provided"/>
</testsuite> <!-- stagingUrl.TC11_Valid_StreetAddress_City_and_StateProvince_provided -->
