<?xml version="1.0" encoding="UTF-8"?>
<!-- Generated by org.testng.reporters.JUnitReportReporter -->
<testsuite name="stagingQA1.QA14_Moving_the_map_by_dragging" tests="1" time="34.375" ignored="0" failures="0" timestamp="14 Mar 2017 12:08:04 GMT" skipped="0" hostname="II5MACMINI-04.local" errors="0">
  <testcase name="moving_the_map_by_dragging" time="34.375" classname="stagingQA1.QA14_Moving_the_map_by_dragging"/>
</testsuite> <!-- stagingQA1.QA14_Moving_the_map_by_dragging -->
