<?xml version="1.0" encoding="UTF-8"?>
<!-- Generated by org.testng.reporters.JUnitReportReporter -->
<testsuite name="stagingQA1.QA10_valid_cityName_invalid_state" tests="1" time="10.979" ignored="0" failures="0" timestamp="14 Mar 2017 10:32:00 GMT" skipped="0" hostname="II5MACMINI-04.local" errors="0">
  <testcase name="valid_cityName_invalid_state" time="10.979" classname="stagingQA1.QA10_valid_cityName_invalid_state"/>
</testsuite> <!-- stagingQA1.QA10_valid_cityName_invalid_state -->
