<?xml version="1.0" encoding="UTF-8"?>
<!-- Generated by org.testng.reporters.JUnitReportReporter -->
<testsuite name="stagingURL.TC6_valid_postal_code" tests="1" time="34.087" ignored="0" failures="0" timestamp="21 Mar 2017 08:46:17 GMT" skipped="0" hostname="II5MACMINI-04.local" errors="0">
  <testcase name="valid_postal_code" time="34.087" classname="stagingURL.TC6_valid_postal_code"/>
</testsuite> <!-- stagingURL.TC6_valid_postal_code -->
