<?xml version="1.0" encoding="UTF-8"?>
<!-- Generated by org.testng.reporters.JUnitReportReporter -->
<testsuite name="stagingURL.TC2_To_verify_regionalmap_presented_on_page_load" tests="1" time="82.592" ignored="0" failures="0" timestamp="21 Mar 2017 07:17:15 GMT" skipped="0" hostname="II5MACMINI-04.local" errors="0">
  <testcase name="verify_regionalmap_presented_on_page_load" time="82.592" classname="stagingURL.TC2_To_verify_regionalmap_presented_on_page_load"/>
</testsuite> <!-- stagingURL.TC2_To_verify_regionalmap_presented_on_page_load -->
