<?xml version="1.0" encoding="UTF-8"?>
<!-- Generated by org.testng.reporters.JUnitReportReporter -->
<testsuite name="stagingURL.TC5_Special_characters_in_the_search_textbox" tests="1" time="30.077" ignored="0" failures="0" timestamp="21 Mar 2017 07:32:14 GMT" skipped="0" hostname="II5MACMINI-04.local" errors="0">
  <testcase name="special_characters_in_the_search_textbox" time="30.077" classname="stagingURL.TC5_Special_characters_in_the_search_textbox"/>
</testsuite> <!-- stagingURL.TC5_Special_characters_in_the_search_textbox -->
