<?xml version="1.0" encoding="UTF-8"?>
<!-- Generated by org.testng.reporters.JUnitReportReporter -->
<testsuite name="stagingQA1.QA4_Blank_address_search_textbox" tests="1" time="11.213" ignored="0" failures="0" timestamp="14 Mar 2017 08:45:36 GMT" skipped="0" hostname="II5MACMINI-04.local" errors="0">
  <testcase name="blank_address_search_textbox" time="11.213" classname="stagingQA1.QA4_Blank_address_search_textbox"/>
</testsuite> <!-- stagingQA1.QA4_Blank_address_search_textbox -->
