<?xml version="1.0" encoding="UTF-8"?>
<!-- Generated by org.testng.reporters.JUnitReportReporter -->
<testsuite name="stagingURL.TC10_valid_cityName_invalid_state" tests="1" time="29.355" ignored="0" failures="0" timestamp="21 Mar 2017 09:32:24 GMT" skipped="0" hostname="II5MACMINI-04.local" errors="0">
  <testcase name="valid_cityName_invalid_state" time="29.355" classname="stagingURL.TC10_valid_cityName_invalid_state"/>
</testsuite> <!-- stagingURL.TC10_valid_cityName_invalid_state -->
