<?xml version="1.0" encoding="UTF-8"?>
<!-- Generated by org.testng.reporters.JUnitReportReporter -->
<testsuite name="stagingURL.TC22_Zoom_In" tests="1" time="47.891" ignored="0" failures="0" timestamp="16 Mar 2017 09:15:12 GMT" skipped="0" hostname="II5MACMINI-04.local" errors="0">
  <testcase name="zoom_In" time="47.891" classname="stagingURL.TC22_Zoom_In"/>
</testsuite> <!-- stagingURL.TC22_Zoom_In -->
