<?xml version="1.0" encoding="UTF-8"?>
<!-- Generated by org.testng.reporters.JUnitReportReporter -->
<testsuite name="stagingUrl.TC7_invalid_postal_code" tests="1" time="33.201" ignored="0" failures="0" timestamp="29 Mar 2017 08:43:12 GMT" skipped="0" hostname="II5MACMINI-04.local" errors="0">
  <testcase name="valid_postal_code" time="33.201" classname="stagingUrl.TC7_invalid_postal_code"/>
</testsuite> <!-- stagingUrl.TC7_invalid_postal_code -->
