<?xml version="1.0" encoding="UTF-8"?>
<!-- Generated by org.testng.reporters.JUnitReportReporter -->
<testsuite name="stagingURL.TC12_Invalid_Street_address_with_valid_CityName_and_valid_StateName" tests="1" time="32.178" ignored="0" failures="0" timestamp="21 Mar 2017 10:06:14 GMT" skipped="0" hostname="II5MACMINI-04.local" errors="0">
  <testcase name="invalid_Street_address_with_valid_CityName_and_valid_StateName" time="32.178" classname="stagingURL.TC12_Invalid_Street_address_with_valid_CityName_and_valid_StateName"/>
</testsuite> <!-- stagingURL.TC12_Invalid_Street_address_with_valid_CityName_and_valid_StateName -->
