<?xml version="1.0" encoding="UTF-8"?>
<!-- Generated by org.testng.reporters.JUnitReportReporter -->
<testsuite name="stagingUrl.TC2_To_verify_regionalmap_presented_on_page_load" tests="1" time="34.305" ignored="0" failures="0" timestamp="29 Mar 2017 07:37:20 GMT" skipped="0" hostname="II5MACMINI-04.local" errors="0">
  <testcase name="verify_regionalmap_presented_on_page_load" time="34.305" classname="stagingUrl.TC2_To_verify_regionalmap_presented_on_page_load"/>
</testsuite> <!-- stagingUrl.TC2_To_verify_regionalmap_presented_on_page_load -->
